2024-06-08 16:02:42.562 +05:30 [INF] Now listening on: https://localhost:7038
2024-06-08 16:02:42.574 +05:30 [INF] Now listening on: http://localhost:5247
2024-06-08 16:02:42.579 +05:30 [INF] Application started. Press Ctrl+C to shut down.
2024-06-08 16:02:42.580 +05:30 [INF] Hosting environment: Development
2024-06-08 16:02:42.580 +05:30 [INF] Content root path: C:\Users\Harika_Biyyapu\Desktop\Hackathon\LibraryWebApi\LibraryWebApi\
2024-06-08 16:02:43.418 +05:30 [INF] Request starting HTTP/2 GET https://localhost:7038/swagger/index.html - -
2024-06-08 16:02:43.943 +05:30 [INF] Request starting HTTP/2 GET https://localhost:7038/_vs/browserLink - -
2024-06-08 16:02:43.943 +05:30 [INF] Request starting HTTP/2 GET https://localhost:7038/_framework/aspnetcore-browser-refresh.js - -
2024-06-08 16:02:43.951 +05:30 [INF] Request finished HTTP/2 GET https://localhost:7038/swagger/index.html - - - 200 - text/html;charset=utf-8 536.0460ms
2024-06-08 16:02:43.968 +05:30 [INF] Request finished HTTP/2 GET https://localhost:7038/_framework/aspnetcore-browser-refresh.js - - - 200 11996 application/javascript;+charset=utf-8 24.6174ms
2024-06-08 16:02:43.979 +05:30 [INF] Request finished HTTP/2 GET https://localhost:7038/_vs/browserLink - - - 200 - text/javascript;+charset=UTF-8 36.1933ms
2024-06-08 16:02:44.061 +05:30 [INF] Request starting HTTP/2 GET https://localhost:7038/swagger/v1/swagger.json - -
2024-06-08 16:02:44.159 +05:30 [INF] Request finished HTTP/2 GET https://localhost:7038/swagger/v1/swagger.json - - - 200 - application/json;charset=utf-8 98.4772ms
2024-06-08 16:02:49.319 +05:30 [INF] Request starting HTTP/2 GET https://localhost:7038/api/BookStoreController?Id=25 - -
2024-06-08 16:02:49.365 +05:30 [INF] Executing endpoint 'LibraryWebApi.Controllers.BookStoreController1.GetBooks (LibraryWebApi)'
2024-06-08 16:02:49.409 +05:30 [INF] Route matched with {action = "GetBooks", controller = "BookStoreController"}. Executing controller action with signature System.Threading.Tasks.Task`1[Microsoft.AspNetCore.Mvc.IActionResult] GetBooks(Int32) on controller LibraryWebApi.Controllers.BookStoreController1 (LibraryWebApi).
2024-06-08 16:02:49.422 +05:30 [INF] Fetch Books for Id: 25
2024-06-08 16:02:49.424 +05:30 [INF] Sucesfully fetch Books
2024-06-08 16:02:51.624 +05:30 [ERR] Failed to fetch Books System.InvalidOperationException: Sequence contains no matching element
   at System.Linq.ThrowHelper.ThrowNoMatchException()
   at System.Linq.Enumerable.First[TSource](IEnumerable`1 source, Func`2 predicate)
   at LibraryWebApi.Core.BookService.BookService.<>c__DisplayClass3_0.<GetBookByIdAsync>b__0() in C:\Users\Harika_Biyyapu\Desktop\Hackathon\LibraryWebApi\LibraryWebApi.Core\BookService\BookService.cs:line 36
   at System.Threading.Tasks.Task`1.InnerInvoke()
   at System.Threading.Tasks.Task.<>c.<.cctor>b__272_0(Object obj)
   at System.Threading.ExecutionContext.RunFromThreadPoolDispatchLoop(Thread threadPoolThread, ExecutionContext executionContext, ContextCallback callback, Object state)
--- End of stack trace from previous location ---
   at System.Threading.ExecutionContext.RunFromThreadPoolDispatchLoop(Thread threadPoolThread, ExecutionContext executionContext, ContextCallback callback, Object state)
   at System.Threading.Tasks.Task.ExecuteWithThreadLocal(Task& currentTaskSlot, Thread threadPoolThread)
--- End of stack trace from previous location ---
   at LibraryWebApi.Core.BookService.BookService.GetBookByIdAsync(Int32 id) in C:\Users\Harika_Biyyapu\Desktop\Hackathon\LibraryWebApi\LibraryWebApi.Core\BookService\BookService.cs:line 36
   at LibraryWebApi.Controllers.BookStoreController1.GetBooks(Int32 Id) in C:\Users\Harika_Biyyapu\Desktop\Hackathon\LibraryWebApi\LibraryWebApi\Controllers\BookStoreControllerV1.cs:line 31
2024-06-08 16:02:51.650 +05:30 [INF] Executing ObjectResult, writing value of type 'Microsoft.AspNetCore.Mvc.ProblemDetails'.
2024-06-08 16:02:51.679 +05:30 [INF] Executed action LibraryWebApi.Controllers.BookStoreController1.GetBooks (LibraryWebApi) in 2264.0493ms
2024-06-08 16:02:51.681 +05:30 [INF] Executed endpoint 'LibraryWebApi.Controllers.BookStoreController1.GetBooks (LibraryWebApi)'
2024-06-08 16:02:51.682 +05:30 [INF] Request finished HTTP/2 GET https://localhost:7038/api/BookStoreController?Id=25 - - - 500 - application/problem+json;+charset=utf-8 2363.0743ms
